Config                                  : 2025-03-23 10:06:10,864 INFO      (MainThread) ---- Begin configuration -------------------------------------

Config                                  : 2025-03-23 10:06:10,864 INFO      (MainThread) ---- Inputs --------------------------------------------------
Config                                  : 2025-03-23 10:06:10,864 INFO      (MainThread) start_date: 
Config                                  : 2025-03-23 10:06:10,864 INFO      (MainThread) end_date: 
Config                                  : 2025-03-23 10:06:10,864 INFO      (MainThread) county: 
Config                                  : 2025-03-23 10:06:10,864 INFO      (MainThread) bbox: {}
Config                                  : 2025-03-23 10:06:10,864 INFO      (MainThread) wkt: 
Config                                  : 2025-03-23 10:06:10,864 INFO      (MainThread) parameter: potassium
Config                                  : 2025-03-23 10:06:10,864 INFO      (MainThread) site_limit: None
Config                                  : 2025-03-23 10:06:10,864 INFO      (MainThread) use_source_bernco: False
Config                                  : 2025-03-23 10:06:10,864 INFO      (MainThread) use_source_bor: True
Config                                  : 2025-03-23 10:06:10,864 INFO      (MainThread) use_source_cabq: False
Config                                  : 2025-03-23 10:06:10,864 INFO      (MainThread) use_source_ebid: False
Config                                  : 2025-03-23 10:06:10,864 INFO      (MainThread) use_source_nmbgmr_amp: True
Config                                  : 2025-03-23 10:06:10,864 INFO      (MainThread) use_source_nmed_dwb: True
Config                                  : 2025-03-23 10:06:10,864 INFO      (MainThread) use_source_nmose_isc_seven_rivers: True
Config                                  : 2025-03-23 10:06:10,864 INFO      (MainThread) use_source_nmose_roswell: False
Config                                  : 2025-03-23 10:06:10,864 INFO      (MainThread) use_source_nwis: False
Config                                  : 2025-03-23 10:06:10,864 INFO      (MainThread) use_source_pvacd: False
Config                                  : 2025-03-23 10:06:10,864 INFO      (MainThread) use_source_wqp: True
Config                                  : 2025-03-23 10:06:10,865 INFO      (MainThread) 
Config                                  : 2025-03-23 10:06:10,865 INFO      (MainThread) ---- Outputs --------------------------------------------------
Config                                  : 2025-03-23 10:06:10,865 INFO      (MainThread) output_path: ./output
Config                                  : 2025-03-23 10:06:10,865 INFO      (MainThread) output_summary: True
Config                                  : 2025-03-23 10:06:10,865 INFO      (MainThread) output_timeseries_unified: False
Config                                  : 2025-03-23 10:06:10,865 INFO      (MainThread) output_timeseries_separated: False
Config                                  : 2025-03-23 10:06:10,865 INFO      (MainThread) output_horizontal_datum: WGS84
Config                                  : 2025-03-23 10:06:10,865 INFO      (MainThread) output_elevation_units: ft
Config                                  : 2025-03-23 10:06:10,865 INFO      (MainThread) 
Config                                  : 2025-03-23 10:06:10,865 INFO      (MainThread) ---- End configuration -------------------------------------

